got through first functions
impored h5py etc
imported mne
imported random
imported sklearn scripts
imported scipy sm and math
imported last modules
starting DecodingAcc
got through basic naming
made dir
named input dir and file
fsample
['fsample']
Error 'Dataset' object has no attribute 'items' occurred for file fsample
Finished loading /projectsn/f_mc1689_1/cpro2_eeg/data/results/preproc1_causalFilter/sub44/fsample_hp0.1notch_seg_autochannelz3_trialz3_ICAz3_baselinelp125avgref.mat
named input dir and file
elec
['#refs#', 'elec']
Finished loading /projectsn/f_mc1689_1/cpro2_eeg/data/results/preproc1_causalFilter/sub44/elec_hp0.1notch_seg_autochannelz3_trialz3_ICAz3_baselinelp125avgref.mat
named input dir and file
hdr
['#refs#', 'hdr']
Finished loading /projectsn/f_mc1689_1/cpro2_eeg/data/results/preproc1_causalFilter/sub44/hdr_hp0.1notch_seg_autochannelz3_trialz3_ICAz3_baselinelp125avgref.mat
named input dir and file
trialinfo
got trialinfo
['#refs#', '#subsystem#', 'trialinfo']
Error 'Dataset' object has no attribute 'items' occurred for file trialinfo
Finished loading /projectsn/f_mc1689_1/cpro2_eeg/data/results/preproc1_causalFilter/sub44/trialinfo_hp0.1notch_seg_autochannelz3_trialz3_ICAz3_baselinelp125avgref.mat
defined trialinfo
dict_keys(['#refs#', '#subsystem#', 'trialinfo'])
named input dir and file
sampleinfo
['sampleinfo']
Error 'Dataset' object has no attribute 'items' occurred for file sampleinfo
Finished loading /projectsn/f_mc1689_1/cpro2_eeg/data/results/preproc1_causalFilter/sub44/sampleinfo_hp0.1notch_seg_autochannelz3_trialz3_ICAz3_baselinelp125avgref.mat
named input dir and file
trial
['#refs#', 'trial']
Error 'Dataset' object has no attribute 'items' occurred for file trial
Finished loading /projectsn/f_mc1689_1/cpro2_eeg/data/results/preproc1_causalFilter/sub44/trial_hp0.1notch_seg_autochannelz3_trialz3_ICAz3_baselinelp125avgref.mat
named input dir and file
time
['#refs#', 'time']
Error 'Dataset' object has no attribute 'items' occurred for file time
Finished loading /projectsn/f_mc1689_1/cpro2_eeg/data/results/preproc1_causalFilter/sub44/time_hp0.1notch_seg_autochannelz3_trialz3_ICAz3_baselinelp125avgref.mat
named input dir and file
label
['#refs#', 'label']
Error 'Dataset' object has no attribute 'items' occurred for file label
Finished loading /projectsn/f_mc1689_1/cpro2_eeg/data/results/preproc1_causalFilter/sub44/label_hp0.1notch_seg_autochannelz3_trialz3_ICAz3_baselinelp125avgref.mat
nChans is 256
named input dir and file
cfg
['#refs#', '#subsystem#', 'cfg']
Finished loading /projectsn/f_mc1689_1/cpro2_eeg/data/results/preproc1_causalFilter/sub44/cfg_hp0.1notch_seg_autochannelz3_trialz3_ICAz3_baselinelp125avgref.mat
Loaded Data
Defined trialinfo
ERROR could not broadcast input array from shape (2) into shape (3945,256) at a,205!!!

Defined trials
defined samples
Defined time
defined data_stim
defined initial variables
made it through loop
updated data_stim time
full_trls shape: (3945, 256, 320)
dict_keys(['trialinfo', 'sampleinfo', 'time', 'trial'])
Updated data_input
plotted stim locked data
Resampled shape: (320, 256, 986)
defined cond_targets
(320, 256, 986)
256
Not setting metadata
Not setting metadata
320 matching events found
No baseline correction applied
0 projection items activated
0 bad epochs dropped
Resampled data, new shape: (320, 256, 986)
Randomized cond_target and its indices
randomized trial order within a matrix of trial data
Completed setup for decoding, defined train and and test folds
got decoding results
Ran timeseries decoding for subject 44
saved graph
saved data
got through first functions
impored h5py etc
imported mne
imported random
imported sklearn scripts
imported scipy sm and math
imported last modules
got through first functions
impored h5py etc
imported mne
imported random
imported sklearn scripts
imported scipy sm and math
imported last modules
got through first functions
impored h5py etc
imported mne
imported random
imported sklearn scripts
imported scipy sm and math
imported last modules
got through first functions
impored h5py etc
imported mne
imported random
imported sklearn scripts
imported scipy sm and math
imported last modules
got through first functions
impored h5py etc
imported mne
imported random
imported sklearn scripts
imported scipy sm and math
imported last modules
