got through first functions
impored h5py etc
imported mne
imported sklearn scripts
imported scipy sm and math
imported last modules
starting DecodingAcc
got through basic naming
made dir
named input dir and file
fsample
['fsample']
Error 'Dataset' object has no attribute 'items' occurred for file fsample
Finished loading /projectsn/f_mc1689_1/cpro2_eeg/data/results/preproc1_causalFilter/sub17/fsample_hp0.1notch_seg_autochannelz3_trialz3_ICAz3_baselinelp125avgref.mat
named input dir and file
elec
['#refs#', 'elec']
Finished loading /projectsn/f_mc1689_1/cpro2_eeg/data/results/preproc1_causalFilter/sub17/elec_hp0.1notch_seg_autochannelz3_trialz3_ICAz3_baselinelp125avgref.mat
named input dir and file
hdr
['#refs#', 'hdr']
Finished loading /projectsn/f_mc1689_1/cpro2_eeg/data/results/preproc1_causalFilter/sub17/hdr_hp0.1notch_seg_autochannelz3_trialz3_ICAz3_baselinelp125avgref.mat
named input dir and file
trialinfo
got trialinfo
['#refs#', '#subsystem#', 'trialinfo']
Error 'Dataset' object has no attribute 'items' occurred for file trialinfo
Finished loading /projectsn/f_mc1689_1/cpro2_eeg/data/results/preproc1_causalFilter/sub17/trialinfo_hp0.1notch_seg_autochannelz3_trialz3_ICAz3_baselinelp125avgref.mat
defined trialinfo
dict_keys(['#refs#', '#subsystem#', 'trialinfo'])
named input dir and file
trial
['#refs#', 'trial']
Error 'Dataset' object has no attribute 'items' occurred for file trial
Finished loading /projectsn/f_mc1689_1/cpro2_eeg/data/results/preproc1_causalFilter/sub17/trial_hp0.1notch_seg_autochannelz3_trialz3_ICAz3_baselinelp125avgref.mat
dict_keys(['#refs#', 'trial'])
named input dir and file
time
['#refs#', 'time']
Error 'Dataset' object has no attribute 'items' occurred for file time
Finished loading /projectsn/f_mc1689_1/cpro2_eeg/data/results/preproc1_causalFilter/sub17/time_hp0.1notch_seg_autochannelz3_trialz3_ICAz3_baselinelp125avgref.mat
named input dir and file
label
['#refs#', 'label']
Error 'Dataset' object has no attribute 'items' occurred for file label
Finished loading /projectsn/f_mc1689_1/cpro2_eeg/data/results/preproc1_causalFilter/sub17/label_hp0.1notch_seg_autochannelz3_trialz3_ICAz3_baselinelp125avgref.mat
nChans is 252
named input dir and file
cfg
['#refs#', '#subsystem#', 'cfg']
Finished loading /projectsn/f_mc1689_1/cpro2_eeg/data/results/preproc1_causalFilter/sub17/cfg_hp0.1notch_seg_autochannelz3_trialz3_ICAz3_baselinelp125avgref.mat
Loaded Data
Defined trialinfo
Logic rule list:
0      2.0
1      2.0
2      2.0
3      1.0
4      1.0
      ... 
355    1.0
356    1.0
357    1.0
358    1.0
359    1.0
Name: LogicRule, Length: 360, dtype: float64
ERROR could not broadcast input array from shape (2) into shape (494,252) at a,205!!!

Defined trials
Defined time
defined data_stim
defined initial variables
made it through loop
updated data_stim time
full_trls shape: (494, 252, 314)
dict_keys(['trialinfo', 'time', 'trial'])
Updated data_input
494
plotted stim locked data
defined cond_targets
(314, 252, 494)
252
Not setting metadata
Not setting metadata
314 matching events found
No baseline correction applied
0 projection items activated
0 bad epochs dropped
data_trl, new shape: (314, 252, 494)
Randomized cond_target and its indices

shape of random_data_trl
(104, 252, 494)
randomized trial order within a matrix of trial data
Completed setup for decoding, defined train and and test folds
started decoding
got temp gen decoding results
Attempting to save data
saved data to /projectsn/f_mc1689_1/cpro2_eeg/data/results/DynamicDecoding/RawSensor/SVM/Left/TempGen/17_SubjectDecoding_10fold_Left_correctOnly_noPseudoTrials.csv
Results:
[[0.46181818 0.46181818 0.48181818 ... 0.43181818 0.41181818 0.44181818]
 [0.48181818 0.55545455 0.54636364 ... 0.44363636 0.50090909 0.55909091]
 [0.5        0.48909091 0.55818182 ... 0.47363636 0.46545455 0.47181818]
 ...
 [0.5        0.5        0.47       ... 0.61636364 0.54727273 0.56636364]
 [0.49090909 0.52       0.51727273 ... 0.56545455 0.52727273 0.55454545]
 [0.49090909 0.51545455 0.49454545 ... 0.64272727 0.60272727 0.56727273]]

Ran Temporal Generalization decoding analysis
got through first functions
impored h5py etc
imported mne
imported sklearn scripts
imported scipy sm and math
imported last modules
got through first functions
impored h5py etc
imported mne
imported sklearn scripts
imported scipy sm and math
imported last modules
got through first functions
impored h5py etc
imported mne
imported sklearn scripts
imported scipy sm and math
imported last modules
got through first functions
impored h5py etc
imported mne
imported sklearn scripts
imported scipy sm and math
imported last modules
got through first functions
impored h5py etc
imported mne
imported sklearn scripts
imported scipy sm and math
imported last modules
got through first functions
impored h5py etc
imported mne
imported sklearn scripts
imported scipy sm and math
imported last modules
got through first functions
impored h5py etc
imported mne
imported sklearn scripts
imported scipy sm and math
imported last modules
got through first functions
impored h5py etc
imported mne
imported sklearn scripts
imported scipy sm and math
imported last modules
got through first functions
impored h5py etc
imported mne
imported sklearn scripts
imported scipy sm and math
imported last modules
got through first functions
impored h5py etc
imported mne
imported sklearn scripts
imported scipy sm and math
imported last modules
got through first functions
impored h5py etc
imported mne
imported sklearn scripts
imported scipy sm and math
imported last modules
got through first functions
impored h5py etc
imported mne
imported sklearn scripts
imported scipy sm and math
imported last modules
got through first functions
impored h5py etc
imported mne
imported sklearn scripts
imported scipy sm and math
imported last modules
got through first functions
impored h5py etc
imported mne
imported sklearn scripts
imported scipy sm and math
imported last modules
got through first functions
impored h5py etc
imported mne
imported sklearn scripts
imported scipy sm and math
imported last modules
got through first functions
impored h5py etc
imported mne
imported sklearn scripts
imported scipy sm and math
imported last modules
got through first functions
impored h5py etc
imported mne
imported sklearn scripts
imported scipy sm and math
imported last modules
got through first functions
impored h5py etc
imported mne
imported sklearn scripts
imported scipy sm and math
imported last modules
got through first functions
impored h5py etc
imported mne
imported sklearn scripts
imported scipy sm and math
imported last modules
got through first functions
impored h5py etc
imported mne
imported sklearn scripts
imported scipy sm and math
imported last modules
got through first functions
impored h5py etc
imported mne
imported sklearn scripts
imported scipy sm and math
imported last modules
got through first functions
impored h5py etc
imported mne
imported sklearn scripts
imported scipy sm and math
imported last modules
got through first functions
impored h5py etc
imported mne
imported sklearn scripts
imported scipy sm and math
imported last modules
got through first functions
impored h5py etc
imported mne
imported sklearn scripts
imported scipy sm and math
imported last modules
got through first functions
impored h5py etc
imported mne
imported sklearn scripts
imported scipy sm and math
imported last modules
got through first functions
impored h5py etc
imported mne
imported sklearn scripts
imported scipy sm and math
imported last modules
got through first functions
impored h5py etc
imported mne
imported sklearn scripts
imported scipy sm and math
imported last modules
